

Started GET "/" for ::1 at 2015-09-02 23:35:41 -0400
Processing by Rails::WelcomeController#index as HTML
  Rendered /Users/Sivakesh/.rvm/gems/ruby-2.2.2@global/gems/railties-4.2.4/lib/rails/templates/rails/welcome/index.html.erb (1.7ms)
Completed 200 OK in 16ms (Views: 8.8ms | ActiveRecord: 0.0ms)
  [1m[36m (0.7ms)[0m  [1mCREATE TABLE "schema_migrations" ("version" varchar NOT NULL) [0m
  [1m[35m (0.0ms)[0m  select sqlite_version(*)
  [1m[36m (0.5ms)[0m  [1mCREATE UNIQUE INDEX "unique_schema_migrations" ON "schema_migrations" ("version")[0m
  [1m[35mActiveRecord::SchemaMigration Load (0.1ms)[0m  SELECT "schema_migrations".* FROM "schema_migrations"
Migrating to CreateMessages (20150904024710)
  [1m[36m (0.0ms)[0m  [1mbegin transaction[0m
  [1m[35m (0.3ms)[0m  CREATE TABLE "messages" ("id" INTEGER PRIMARY KEY AUTOINCREMENT NOT NULL, "m_name" varchar, "m_subject" varchar, "m_description" text, "created_at" datetime NOT NULL, "updated_at" datetime NOT NULL) 
  [1m[36mSQL (0.1ms)[0m  [1mINSERT INTO "schema_migrations" ("version") VALUES (?)[0m  [["version", "20150904024710"]]
  [1m[35m (0.6ms)[0m  commit transaction
  [1m[36mActiveRecord::SchemaMigration Load (0.1ms)[0m  [1mSELECT "schema_migrations".* FROM "schema_migrations"[0m


Started GET "/" for ::1 at 2015-09-03 22:47:58 -0400
  [1m[36mActiveRecord::SchemaMigration Load (0.1ms)[0m  [1mSELECT "schema_migrations".* FROM "schema_migrations"[0m
Processing by Rails::WelcomeController#index as HTML
  Rendered /Users/Sivakesh/.rvm/gems/ruby-2.2.2/gems/railties-4.2.4/lib/rails/templates/rails/welcome/index.html.erb (1.5ms)
Completed 200 OK in 19ms (Views: 10.0ms | ActiveRecord: 0.0ms)


Started GET "/" for ::1 at 2015-09-03 23:07:25 -0400
Processing by Rails::WelcomeController#index as HTML
  Rendered /Users/Sivakesh/.rvm/gems/ruby-2.2.2/gems/railties-4.2.4/lib/rails/templates/rails/welcome/index.html.erb (0.0ms)
Completed 200 OK in 2ms (Views: 1.4ms | ActiveRecord: 0.0ms)
DEPRECATION WARNING: Defining a route where `to` is a controller without an action is deprecated. Please change `to: 'message/index'` to `controller: 'message/index'`. (called from block in <top (required)> at /Users/Sivakesh/Documents/rails_tutorial/blog/config/routes.rb:4)
DEPRECATION WARNING: Defining a route where `to` is a controller without an action is deprecated. Please change `to: 'message/index'` to `controller: 'message/index'`. (called from block in <top (required)> at /Users/Sivakesh/Documents/rails_tutorial/blog/config/routes.rb:4)


Started GET "/" for ::1 at 2015-09-03 23:13:19 -0400
Processing by MessagesController#index as HTML
  Rendered messages/index.html.erb within layouts/application (11.7ms)
Completed 500 Internal Server Error in 16ms (ActiveRecord: 0.0ms)

ActionView::Template::Error (undefined method `link_tag' for #<#<Class:0x007f81a103a3e8>:0x007f81a1039790>):
    1: <h1> Welcome Message </h1> 
    2: <hr>
    3: 
    4: <%= link_tag "Create New Message", new_message_path%> | <%= link_tag "Show All message", messages_path%>
    5: 
    6: <<!-- form action="where it needs to go " method="post">
    7: <input type="text" name="message[name]" id="name">
  app/views/messages/index.html.erb:4:in `_app_views_messages_index_html_erb___1180753672177517275_70097364435100'


  Rendered /Users/Sivakesh/.rvm/gems/ruby-2.2.2/gems/actionpack-4.2.4/lib/action_dispatch/middleware/templates/rescues/_source.erb (4.6ms)
  Rendered /Users/Sivakesh/.rvm/gems/ruby-2.2.2/gems/actionpack-4.2.4/lib/action_dispatch/middleware/templates/rescues/_trace.html.erb (2.4ms)
  Rendered /Users/Sivakesh/.rvm/gems/ruby-2.2.2/gems/actionpack-4.2.4/lib/action_dispatch/middleware/templates/rescues/_request_and_response.html.erb (1.1ms)
  Rendered /Users/Sivakesh/.rvm/gems/ruby-2.2.2/gems/actionpack-4.2.4/lib/action_dispatch/middleware/templates/rescues/template_error.html.erb within rescues/layout (47.1ms)
  Rendered /Users/Sivakesh/.rvm/gems/ruby-2.2.2/gems/web-console-2.2.1/lib/web_console/templates/_markup.html.erb (0.4ms)
  Rendered /Users/Sivakesh/.rvm/gems/ruby-2.2.2/gems/web-console-2.2.1/lib/web_console/templates/_inner_console_markup.html.erb within layouts/inlined_string (0.6ms)
  Rendered /Users/Sivakesh/.rvm/gems/ruby-2.2.2/gems/web-console-2.2.1/lib/web_console/templates/_prompt_box_markup.html.erb within layouts/inlined_string (0.3ms)
  Rendered /Users/Sivakesh/.rvm/gems/ruby-2.2.2/gems/web-console-2.2.1/lib/web_console/templates/style.css.erb within layouts/inlined_string (0.3ms)
  Rendered /Users/Sivakesh/.rvm/gems/ruby-2.2.2/gems/web-console-2.2.1/lib/web_console/templates/console.js.erb within layouts/javascript (41.6ms)
  Rendered /Users/Sivakesh/.rvm/gems/ruby-2.2.2/gems/web-console-2.2.1/lib/web_console/templates/main.js.erb within layouts/javascript (0.4ms)
  Rendered /Users/Sivakesh/.rvm/gems/ruby-2.2.2/gems/web-console-2.2.1/lib/web_console/templates/error_page.js.erb within layouts/javascript (0.3ms)
  Rendered /Users/Sivakesh/.rvm/gems/ruby-2.2.2/gems/web-console-2.2.1/lib/web_console/templates/index.html.erb (93.9ms)


Started GET "/" for ::1 at 2015-09-03 23:13:59 -0400
Processing by MessagesController#index as HTML
  Rendered messages/index.html.erb within layouts/application (0.6ms)
Completed 200 OK in 1208ms (Views: 1207.0ms | ActiveRecord: 0.0ms)


Started GET "/assets/application.self-e80e8f2318043e8af94dddc2adad5a4f09739a8ebb323b3ab31cd71d45fd9113.css?body=1" for ::1 at 2015-09-03 23:14:00 -0400


Started GET "/assets/messages.self-e3b0c44298fc1c149afbf4c8996fb92427ae41e4649b934ca495991b7852b855.css?body=1" for ::1 at 2015-09-03 23:14:00 -0400


Started GET "/assets/jquery.self-a714331225dda820228db323939889f149aec0127aeb06255646b616ba1ca419.js?body=1" for ::1 at 2015-09-03 23:14:00 -0400


Started GET "/assets/turbolinks.self-c37727e9bd6b2735da5c311aa83fead54ed0be6cc8bd9a65309e9c5abe2cbfff.js?body=1" for ::1 at 2015-09-03 23:14:00 -0400


Started GET "/assets/jquery_ujs.self-d456baa54c1fa6be2ec3711f0a72ddf7a5b2f34a6b4f515f33767d6207b7d4b3.js?body=1" for ::1 at 2015-09-03 23:14:00 -0400


Started GET "/assets/messages.self-877aef30ae1b040ab8a3aba4e3e309a11d7f2612f44dde450b5c157aa5f95c05.js?body=1" for ::1 at 2015-09-03 23:14:00 -0400


Started GET "/assets/application.self-3b8dabdc891efe46b9a144b400ad69e37d7e5876bdc39dee783419a69d7ca819.js?body=1" for ::1 at 2015-09-03 23:14:00 -0400


Started GET "/" for ::1 at 2015-09-03 23:14:38 -0400
Processing by MessagesController#index as HTML
  Rendered messages/index.html.erb within layouts/application (0.9ms)
Completed 200 OK in 39ms (Views: 38.6ms | ActiveRecord: 0.0ms)


Started GET "/assets/turbolinks.self-c37727e9bd6b2735da5c311aa83fead54ed0be6cc8bd9a65309e9c5abe2cbfff.js?body=1" for ::1 at 2015-09-03 23:14:38 -0400


Started GET "/assets/application.self-e80e8f2318043e8af94dddc2adad5a4f09739a8ebb323b3ab31cd71d45fd9113.css?body=1" for ::1 at 2015-09-03 23:14:38 -0400


Started GET "/assets/messages.self-e3b0c44298fc1c149afbf4c8996fb92427ae41e4649b934ca495991b7852b855.css?body=1" for ::1 at 2015-09-03 23:14:38 -0400


Started GET "/assets/jquery.self-a714331225dda820228db323939889f149aec0127aeb06255646b616ba1ca419.js?body=1" for ::1 at 2015-09-03 23:14:38 -0400


Started GET "/assets/messages.self-877aef30ae1b040ab8a3aba4e3e309a11d7f2612f44dde450b5c157aa5f95c05.js?body=1" for ::1 at 2015-09-03 23:14:38 -0400


Started GET "/assets/jquery_ujs.self-d456baa54c1fa6be2ec3711f0a72ddf7a5b2f34a6b4f515f33767d6207b7d4b3.js?body=1" for ::1 at 2015-09-03 23:14:38 -0400


Started GET "/assets/application.self-3b8dabdc891efe46b9a144b400ad69e37d7e5876bdc39dee783419a69d7ca819.js?body=1" for ::1 at 2015-09-03 23:14:38 -0400


Started GET "/messages/new" for ::1 at 2015-09-03 23:15:03 -0400
Processing by MessagesController#new as HTML
  Rendered messages/new.html.erb within layouts/application (0.4ms)
Completed 200 OK in 25ms (Views: 24.9ms | ActiveRecord: 0.0ms)


Started GET "/messages/new" for ::1 at 2015-09-03 23:29:16 -0400
Processing by MessagesController#new as HTML
  Rendered messages/new.html.erb within layouts/application (2.7ms)
Completed 500 Internal Server Error in 7ms (ActiveRecord: 0.0ms)

ActionView::Template::Error (First argument in form cannot contain nil or be empty):
    1: <!-- form_for => @message  -->
    2: <%= form_for(@message) do |m|%>
    3: 	<%= m.text_filed "m_name"%>
    4: 	<%= m.text_filed "m_subject"%>
    5: 	<%= m.text_area "m_description"%>
  app/views/messages/new.html.erb:2:in `_app_views_messages_new_html_erb___361780086910955954_70097385399080'


  Rendered /Users/Sivakesh/.rvm/gems/ruby-2.2.2/gems/actionpack-4.2.4/lib/action_dispatch/middleware/templates/rescues/_source.erb (8.3ms)
  Rendered /Users/Sivakesh/.rvm/gems/ruby-2.2.2/gems/actionpack-4.2.4/lib/action_dispatch/middleware/templates/rescues/_trace.html.erb (4.7ms)
  Rendered /Users/Sivakesh/.rvm/gems/ruby-2.2.2/gems/actionpack-4.2.4/lib/action_dispatch/middleware/templates/rescues/_request_and_response.html.erb (1.9ms)
  Rendered /Users/Sivakesh/.rvm/gems/ruby-2.2.2/gems/actionpack-4.2.4/lib/action_dispatch/middleware/templates/rescues/template_error.html.erb within rescues/layout (58.1ms)
  Rendered /Users/Sivakesh/.rvm/gems/ruby-2.2.2/gems/web-console-2.2.1/lib/web_console/templates/_markup.html.erb (0.9ms)
  Rendered /Users/Sivakesh/.rvm/gems/ruby-2.2.2/gems/web-console-2.2.1/lib/web_console/templates/_inner_console_markup.html.erb within layouts/inlined_string (0.5ms)
  Rendered /Users/Sivakesh/.rvm/gems/ruby-2.2.2/gems/web-console-2.2.1/lib/web_console/templates/_prompt_box_markup.html.erb within layouts/inlined_string (0.3ms)
  Rendered /Users/Sivakesh/.rvm/gems/ruby-2.2.2/gems/web-console-2.2.1/lib/web_console/templates/style.css.erb within layouts/inlined_string (0.3ms)
  Rendered /Users/Sivakesh/.rvm/gems/ruby-2.2.2/gems/web-console-2.2.1/lib/web_console/templates/console.js.erb within layouts/javascript (43.2ms)
  Rendered /Users/Sivakesh/.rvm/gems/ruby-2.2.2/gems/web-console-2.2.1/lib/web_console/templates/main.js.erb within layouts/javascript (0.2ms)
  Rendered /Users/Sivakesh/.rvm/gems/ruby-2.2.2/gems/web-console-2.2.1/lib/web_console/templates/error_page.js.erb within layouts/javascript (0.8ms)
  Rendered /Users/Sivakesh/.rvm/gems/ruby-2.2.2/gems/web-console-2.2.1/lib/web_console/templates/index.html.erb (86.0ms)


Started GET "/messages/new" for ::1 at 2015-09-03 23:32:24 -0400
Processing by MessagesController#new as HTML
  Rendered messages/new.html.erb within layouts/application (3.0ms)
Completed 500 Internal Server Error in 6ms (ActiveRecord: 0.0ms)

ActionView::Template::Error (First argument in form cannot contain nil or be empty):
    1: 
    2: <%= form_for(@message) do |m|%>
    3: 	<%= m.text_filed "m_name"%>
    4: 	<%= m.text_filed "m_subject"%>
    5: 	<%= m.text_area "m_description"%>
  app/views/messages/new.html.erb:2:in `_app_views_messages_new_html_erb___361780086910955954_70097385644420'


  Rendered /Users/Sivakesh/.rvm/gems/ruby-2.2.2/gems/actionpack-4.2.4/lib/action_dispatch/middleware/templates/rescues/_source.erb (4.6ms)
  Rendered /Users/Sivakesh/.rvm/gems/ruby-2.2.2/gems/actionpack-4.2.4/lib/action_dispatch/middleware/templates/rescues/_trace.html.erb (2.8ms)
  Rendered /Users/Sivakesh/.rvm/gems/ruby-2.2.2/gems/actionpack-4.2.4/lib/action_dispatch/middleware/templates/rescues/_request_and_response.html.erb (0.7ms)
  Rendered /Users/Sivakesh/.rvm/gems/ruby-2.2.2/gems/actionpack-4.2.4/lib/action_dispatch/middleware/templates/rescues/template_error.html.erb within rescues/layout (46.7ms)
  Rendered /Users/Sivakesh/.rvm/gems/ruby-2.2.2/gems/web-console-2.2.1/lib/web_console/templates/_markup.html.erb (0.3ms)
  Rendered /Users/Sivakesh/.rvm/gems/ruby-2.2.2/gems/web-console-2.2.1/lib/web_console/templates/_inner_console_markup.html.erb within layouts/inlined_string (0.4ms)
  Rendered /Users/Sivakesh/.rvm/gems/ruby-2.2.2/gems/web-console-2.2.1/lib/web_console/templates/_prompt_box_markup.html.erb within layouts/inlined_string (0.3ms)
  Rendered /Users/Sivakesh/.rvm/gems/ruby-2.2.2/gems/web-console-2.2.1/lib/web_console/templates/style.css.erb within layouts/inlined_string (0.4ms)
  Rendered /Users/Sivakesh/.rvm/gems/ruby-2.2.2/gems/web-console-2.2.1/lib/web_console/templates/console.js.erb within layouts/javascript (37.8ms)
  Rendered /Users/Sivakesh/.rvm/gems/ruby-2.2.2/gems/web-console-2.2.1/lib/web_console/templates/main.js.erb within layouts/javascript (0.2ms)
  Rendered /Users/Sivakesh/.rvm/gems/ruby-2.2.2/gems/web-console-2.2.1/lib/web_console/templates/error_page.js.erb within layouts/javascript (0.4ms)
  Rendered /Users/Sivakesh/.rvm/gems/ruby-2.2.2/gems/web-console-2.2.1/lib/web_console/templates/index.html.erb (82.3ms)


Started GET "/messages/new" for ::1 at 2015-09-03 23:33:59 -0400
Processing by MessagesController#new as HTML
  Rendered messages/new.html.erb within layouts/application (1.9ms)
Completed 500 Internal Server Error in 4ms (ActiveRecord: 0.0ms)

ActionView::Template::Error (First argument in form cannot contain nil or be empty):
    1: 
    2: <%= form_for(@message) do |m|%>
    3: 	<%= m.text_field "m_name"%>
    4: 	<%= m.text_field "m_subject"%>
    5: 	<%= m.text_area "m_description"%>
  app/views/messages/new.html.erb:2:in `_app_views_messages_new_html_erb___361780086910955954_70097313575040'


  Rendered /Users/Sivakesh/.rvm/gems/ruby-2.2.2/gems/actionpack-4.2.4/lib/action_dispatch/middleware/templates/rescues/_source.erb (6.2ms)
  Rendered /Users/Sivakesh/.rvm/gems/ruby-2.2.2/gems/actionpack-4.2.4/lib/action_dispatch/middleware/templates/rescues/_trace.html.erb (3.0ms)
  Rendered /Users/Sivakesh/.rvm/gems/ruby-2.2.2/gems/actionpack-4.2.4/lib/action_dispatch/middleware/templates/rescues/_request_and_response.html.erb (0.7ms)
  Rendered /Users/Sivakesh/.rvm/gems/ruby-2.2.2/gems/actionpack-4.2.4/lib/action_dispatch/middleware/templates/rescues/template_error.html.erb within rescues/layout (44.1ms)
  Rendered /Users/Sivakesh/.rvm/gems/ruby-2.2.2/gems/web-console-2.2.1/lib/web_console/templates/_markup.html.erb (0.2ms)
  Rendered /Users/Sivakesh/.rvm/gems/ruby-2.2.2/gems/web-console-2.2.1/lib/web_console/templates/_inner_console_markup.html.erb within layouts/inlined_string (0.3ms)
  Rendered /Users/Sivakesh/.rvm/gems/ruby-2.2.2/gems/web-console-2.2.1/lib/web_console/templates/_prompt_box_markup.html.erb within layouts/inlined_string (0.3ms)
  Rendered /Users/Sivakesh/.rvm/gems/ruby-2.2.2/gems/web-console-2.2.1/lib/web_console/templates/style.css.erb within layouts/inlined_string (0.2ms)
  Rendered /Users/Sivakesh/.rvm/gems/ruby-2.2.2/gems/web-console-2.2.1/lib/web_console/templates/console.js.erb within layouts/javascript (37.3ms)
  Rendered /Users/Sivakesh/.rvm/gems/ruby-2.2.2/gems/web-console-2.2.1/lib/web_console/templates/main.js.erb within layouts/javascript (0.4ms)
  Rendered /Users/Sivakesh/.rvm/gems/ruby-2.2.2/gems/web-console-2.2.1/lib/web_console/templates/error_page.js.erb within layouts/javascript (0.4ms)
  Rendered /Users/Sivakesh/.rvm/gems/ruby-2.2.2/gems/web-console-2.2.1/lib/web_console/templates/index.html.erb (81.3ms)


Started GET "/messages/new" for ::1 at 2015-09-03 23:34:08 -0400
Processing by MessagesController#new as HTML
  Rendered messages/new.html.erb within layouts/application (1.5ms)
Completed 500 Internal Server Error in 4ms (ActiveRecord: 0.0ms)

ActionView::Template::Error (First argument in form cannot contain nil or be empty):
    1: 
    2: <%= form_for(@message) do |m|%>
    3: 	<%= m.text_field "m_name"%>
    4: 	<%= m.text_field "m_subject"%>
    5: 	<%= m.text_area "m_description"%>
  app/views/messages/new.html.erb:2:in `_app_views_messages_new_html_erb___361780086910955954_70097313575040'


  Rendered /Users/Sivakesh/.rvm/gems/ruby-2.2.2/gems/actionpack-4.2.4/lib/action_dispatch/middleware/templates/rescues/_source.erb (5.8ms)
  Rendered /Users/Sivakesh/.rvm/gems/ruby-2.2.2/gems/actionpack-4.2.4/lib/action_dispatch/middleware/templates/rescues/_trace.html.erb (1.9ms)
  Rendered /Users/Sivakesh/.rvm/gems/ruby-2.2.2/gems/actionpack-4.2.4/lib/action_dispatch/middleware/templates/rescues/_request_and_response.html.erb (0.6ms)
  Rendered /Users/Sivakesh/.rvm/gems/ruby-2.2.2/gems/actionpack-4.2.4/lib/action_dispatch/middleware/templates/rescues/template_error.html.erb within rescues/layout (44.6ms)
  Rendered /Users/Sivakesh/.rvm/gems/ruby-2.2.2/gems/web-console-2.2.1/lib/web_console/templates/_markup.html.erb (0.3ms)
  Rendered /Users/Sivakesh/.rvm/gems/ruby-2.2.2/gems/web-console-2.2.1/lib/web_console/templates/_inner_console_markup.html.erb within layouts/inlined_string (0.3ms)
  Rendered /Users/Sivakesh/.rvm/gems/ruby-2.2.2/gems/web-console-2.2.1/lib/web_console/templates/_prompt_box_markup.html.erb within layouts/inlined_string (0.3ms)
  Rendered /Users/Sivakesh/.rvm/gems/ruby-2.2.2/gems/web-console-2.2.1/lib/web_console/templates/style.css.erb within layouts/inlined_string (0.5ms)
  Rendered /Users/Sivakesh/.rvm/gems/ruby-2.2.2/gems/web-console-2.2.1/lib/web_console/templates/console.js.erb within layouts/javascript (33.6ms)
  Rendered /Users/Sivakesh/.rvm/gems/ruby-2.2.2/gems/web-console-2.2.1/lib/web_console/templates/main.js.erb within layouts/javascript (0.2ms)
  Rendered /Users/Sivakesh/.rvm/gems/ruby-2.2.2/gems/web-console-2.2.1/lib/web_console/templates/error_page.js.erb within layouts/javascript (0.3ms)
  Rendered /Users/Sivakesh/.rvm/gems/ruby-2.2.2/gems/web-console-2.2.1/lib/web_console/templates/index.html.erb (74.4ms)


Started GET "/messages/new" for ::1 at 2015-09-03 23:34:15 -0400
Processing by MessagesController#new as HTML
  Rendered messages/new.html.erb within layouts/application (1.7ms)
Completed 500 Internal Server Error in 5ms (ActiveRecord: 0.0ms)

ActionView::Template::Error (First argument in form cannot contain nil or be empty):
    1: 
    2: <%= form_for(@message) do |m|%>
    3: 	<%= m.text_field "m_name"%>
    4: 	<%= m.text_field "m_subject"%>
    5: 	<%= m.text_area "m_description"%>
  app/views/messages/new.html.erb:2:in `_app_views_messages_new_html_erb___361780086910955954_70097317173380'


  Rendered /Users/Sivakesh/.rvm/gems/ruby-2.2.2/gems/actionpack-4.2.4/lib/action_dispatch/middleware/templates/rescues/_source.erb (5.7ms)
  Rendered /Users/Sivakesh/.rvm/gems/ruby-2.2.2/gems/actionpack-4.2.4/lib/action_dispatch/middleware/templates/rescues/_trace.html.erb (2.7ms)
  Rendered /Users/Sivakesh/.rvm/gems/ruby-2.2.2/gems/actionpack-4.2.4/lib/action_dispatch/middleware/templates/rescues/_request_and_response.html.erb (0.7ms)
  Rendered /Users/Sivakesh/.rvm/gems/ruby-2.2.2/gems/actionpack-4.2.4/lib/action_dispatch/middleware/templates/rescues/template_error.html.erb within rescues/layout (49.8ms)
  Rendered /Users/Sivakesh/.rvm/gems/ruby-2.2.2/gems/web-console-2.2.1/lib/web_console/templates/_markup.html.erb (0.4ms)
  Rendered /Users/Sivakesh/.rvm/gems/ruby-2.2.2/gems/web-console-2.2.1/lib/web_console/templates/_inner_console_markup.html.erb within layouts/inlined_string (0.4ms)
  Rendered /Users/Sivakesh/.rvm/gems/ruby-2.2.2/gems/web-console-2.2.1/lib/web_console/templates/_prompt_box_markup.html.erb within layouts/inlined_string (0.4ms)
  Rendered /Users/Sivakesh/.rvm/gems/ruby-2.2.2/gems/web-console-2.2.1/lib/web_console/templates/style.css.erb within layouts/inlined_string (0.2ms)
  Rendered /Users/Sivakesh/.rvm/gems/ruby-2.2.2/gems/web-console-2.2.1/lib/web_console/templates/console.js.erb within layouts/javascript (34.9ms)
  Rendered /Users/Sivakesh/.rvm/gems/ruby-2.2.2/gems/web-console-2.2.1/lib/web_console/templates/main.js.erb within layouts/javascript (0.2ms)
  Rendered /Users/Sivakesh/.rvm/gems/ruby-2.2.2/gems/web-console-2.2.1/lib/web_console/templates/error_page.js.erb within layouts/javascript (0.3ms)
  Rendered /Users/Sivakesh/.rvm/gems/ruby-2.2.2/gems/web-console-2.2.1/lib/web_console/templates/index.html.erb (76.3ms)


Started GET "/messages/new" for ::1 at 2015-09-03 23:35:22 -0400
Processing by MessagesController#new as HTML
  Rendered messages/new.html.erb within layouts/application (15.5ms)
Completed 200 OK in 43ms (Views: 42.6ms | ActiveRecord: 0.0ms)


Started GET "/assets/jquery.self-a714331225dda820228db323939889f149aec0127aeb06255646b616ba1ca419.js?body=1" for ::1 at 2015-09-03 23:35:22 -0400


Started GET "/assets/application.self-e80e8f2318043e8af94dddc2adad5a4f09739a8ebb323b3ab31cd71d45fd9113.css?body=1" for ::1 at 2015-09-03 23:35:22 -0400


Started GET "/assets/turbolinks.self-c37727e9bd6b2735da5c311aa83fead54ed0be6cc8bd9a65309e9c5abe2cbfff.js?body=1" for ::1 at 2015-09-03 23:35:22 -0400


Started GET "/assets/messages.self-877aef30ae1b040ab8a3aba4e3e309a11d7f2612f44dde450b5c157aa5f95c05.js?body=1" for ::1 at 2015-09-03 23:35:22 -0400


Started GET "/assets/messages.self-e3b0c44298fc1c149afbf4c8996fb92427ae41e4649b934ca495991b7852b855.css?body=1" for ::1 at 2015-09-03 23:35:22 -0400


Started GET "/assets/jquery_ujs.self-d456baa54c1fa6be2ec3711f0a72ddf7a5b2f34a6b4f515f33767d6207b7d4b3.js?body=1" for ::1 at 2015-09-03 23:35:22 -0400


Started GET "/assets/application.self-3b8dabdc891efe46b9a144b400ad69e37d7e5876bdc39dee783419a69d7ca819.js?body=1" for ::1 at 2015-09-03 23:35:22 -0400


Started GET "/assets/jquery_ujs.self-d456baa54c1fa6be2ec3711f0a72ddf7a5b2f34a6b4f515f33767d6207b7d4b3.js?body=1" for ::1 at 2015-09-03 23:35:22 -0400


Started GET "/assets/turbolinks.self-c37727e9bd6b2735da5c311aa83fead54ed0be6cc8bd9a65309e9c5abe2cbfff.js?body=1" for ::1 at 2015-09-03 23:35:22 -0400


Started GET "/assets/messages.self-877aef30ae1b040ab8a3aba4e3e309a11d7f2612f44dde450b5c157aa5f95c05.js?body=1" for ::1 at 2015-09-03 23:35:22 -0400


Started GET "/assets/application.self-3b8dabdc891efe46b9a144b400ad69e37d7e5876bdc39dee783419a69d7ca819.js?body=1" for ::1 at 2015-09-03 23:35:22 -0400


Started GET "/messages/new" for ::1 at 2015-09-03 23:36:38 -0400
Processing by MessagesController#new as HTML
  Rendered messages/new.html.erb within layouts/application (1.9ms)
Completed 500 Internal Server Error in 5ms (ActiveRecord: 0.0ms)

ActionView::Template::Error (First argument in form cannot contain nil or be empty):
    1: 
    2: <%= form_for @message do |m|%>
    3: 	<%= m.text_field "m_name"%>
    4: 	<%= m.text_field "m_subject"%>
    5: 	<%= m.text_area "m_description"%>
  app/views/messages/new.html.erb:2:in `_app_views_messages_new_html_erb___361780086910955954_70097320942000'


  Rendered /Users/Sivakesh/.rvm/gems/ruby-2.2.2/gems/actionpack-4.2.4/lib/action_dispatch/middleware/templates/rescues/_source.erb (5.1ms)
  Rendered /Users/Sivakesh/.rvm/gems/ruby-2.2.2/gems/actionpack-4.2.4/lib/action_dispatch/middleware/templates/rescues/_trace.html.erb (3.8ms)
  Rendered /Users/Sivakesh/.rvm/gems/ruby-2.2.2/gems/actionpack-4.2.4/lib/action_dispatch/middleware/templates/rescues/_request_and_response.html.erb (0.7ms)
  Rendered /Users/Sivakesh/.rvm/gems/ruby-2.2.2/gems/actionpack-4.2.4/lib/action_dispatch/middleware/templates/rescues/template_error.html.erb within rescues/layout (46.5ms)
  Rendered /Users/Sivakesh/.rvm/gems/ruby-2.2.2/gems/web-console-2.2.1/lib/web_console/templates/_markup.html.erb (0.4ms)
  Rendered /Users/Sivakesh/.rvm/gems/ruby-2.2.2/gems/web-console-2.2.1/lib/web_console/templates/_inner_console_markup.html.erb within layouts/inlined_string (0.3ms)
  Rendered /Users/Sivakesh/.rvm/gems/ruby-2.2.2/gems/web-console-2.2.1/lib/web_console/templates/_prompt_box_markup.html.erb within layouts/inlined_string (0.2ms)
  Rendered /Users/Sivakesh/.rvm/gems/ruby-2.2.2/gems/web-console-2.2.1/lib/web_console/templates/style.css.erb within layouts/inlined_string (0.3ms)
  Rendered /Users/Sivakesh/.rvm/gems/ruby-2.2.2/gems/web-console-2.2.1/lib/web_console/templates/console.js.erb within layouts/javascript (32.6ms)
  Rendered /Users/Sivakesh/.rvm/gems/ruby-2.2.2/gems/web-console-2.2.1/lib/web_console/templates/main.js.erb within layouts/javascript (0.3ms)
  Rendered /Users/Sivakesh/.rvm/gems/ruby-2.2.2/gems/web-console-2.2.1/lib/web_console/templates/error_page.js.erb within layouts/javascript (0.3ms)
  Rendered /Users/Sivakesh/.rvm/gems/ruby-2.2.2/gems/web-console-2.2.1/lib/web_console/templates/index.html.erb (78.3ms)


Started GET "/messages/new" for ::1 at 2015-09-03 23:37:37 -0400
Processing by MessagesController#new as HTML
  Rendered messages/new.html.erb within layouts/application (5.4ms)
Completed 200 OK in 37ms (Views: 31.5ms | ActiveRecord: 0.4ms)


Started GET "/assets/application.self-e80e8f2318043e8af94dddc2adad5a4f09739a8ebb323b3ab31cd71d45fd9113.css?body=1" for ::1 at 2015-09-03 23:37:37 -0400


Started GET "/assets/jquery.self-a714331225dda820228db323939889f149aec0127aeb06255646b616ba1ca419.js?body=1" for ::1 at 2015-09-03 23:37:37 -0400


Started GET "/assets/jquery_ujs.self-d456baa54c1fa6be2ec3711f0a72ddf7a5b2f34a6b4f515f33767d6207b7d4b3.js?body=1" for ::1 at 2015-09-03 23:37:37 -0400


Started GET "/assets/messages.self-e3b0c44298fc1c149afbf4c8996fb92427ae41e4649b934ca495991b7852b855.css?body=1" for ::1 at 2015-09-03 23:37:37 -0400


Started GET "/assets/messages.self-877aef30ae1b040ab8a3aba4e3e309a11d7f2612f44dde450b5c157aa5f95c05.js?body=1" for ::1 at 2015-09-03 23:37:37 -0400


Started GET "/assets/turbolinks.self-c37727e9bd6b2735da5c311aa83fead54ed0be6cc8bd9a65309e9c5abe2cbfff.js?body=1" for ::1 at 2015-09-03 23:37:37 -0400


Started GET "/assets/application.self-3b8dabdc891efe46b9a144b400ad69e37d7e5876bdc39dee783419a69d7ca819.js?body=1" for ::1 at 2015-09-03 23:37:37 -0400


Started GET "/messages/new" for ::1 at 2015-09-03 23:37:44 -0400
Processing by MessagesController#new as HTML
  Rendered messages/new.html.erb within layouts/application (0.9ms)
Completed 200 OK in 26ms (Views: 25.4ms | ActiveRecord: 0.0ms)


Started GET "/assets/messages.self-e3b0c44298fc1c149afbf4c8996fb92427ae41e4649b934ca495991b7852b855.css?body=1" for ::1 at 2015-09-03 23:37:44 -0400


Started GET "/assets/jquery.self-a714331225dda820228db323939889f149aec0127aeb06255646b616ba1ca419.js?body=1" for ::1 at 2015-09-03 23:37:44 -0400


Started GET "/assets/application.self-e80e8f2318043e8af94dddc2adad5a4f09739a8ebb323b3ab31cd71d45fd9113.css?body=1" for ::1 at 2015-09-03 23:37:44 -0400


Started GET "/assets/messages.self-877aef30ae1b040ab8a3aba4e3e309a11d7f2612f44dde450b5c157aa5f95c05.js?body=1" for ::1 at 2015-09-03 23:37:44 -0400


Started GET "/assets/turbolinks.self-c37727e9bd6b2735da5c311aa83fead54ed0be6cc8bd9a65309e9c5abe2cbfff.js?body=1" for ::1 at 2015-09-03 23:37:44 -0400


Started GET "/assets/jquery_ujs.self-d456baa54c1fa6be2ec3711f0a72ddf7a5b2f34a6b4f515f33767d6207b7d4b3.js?body=1" for ::1 at 2015-09-03 23:37:44 -0400


Started GET "/assets/application.self-3b8dabdc891efe46b9a144b400ad69e37d7e5876bdc39dee783419a69d7ca819.js?body=1" for ::1 at 2015-09-03 23:37:44 -0400


Started GET "/messages/new" for ::1 at 2015-09-03 23:40:01 -0400
Processing by MessagesController#new as HTML
  Rendered messages/new.html.erb within layouts/application (1.7ms)
Completed 500 Internal Server Error in 5ms (ActiveRecord: 0.0ms)

ActionView::Template::Error (First argument in form cannot contain nil or be empty):
    1: 
    2: <%= form_for @messages do |m|%>
    3: 	<%= m.text_field "m_name"%>
    4: 	<%= m.text_field "m_subject"%>
    5: 	<%= m.text_area "m_description"%>
  app/views/messages/new.html.erb:2:in `_app_views_messages_new_html_erb___361780086910955954_70097367136580'


  Rendered /Users/Sivakesh/.rvm/gems/ruby-2.2.2/gems/actionpack-4.2.4/lib/action_dispatch/middleware/templates/rescues/_source.erb (6.4ms)
  Rendered /Users/Sivakesh/.rvm/gems/ruby-2.2.2/gems/actionpack-4.2.4/lib/action_dispatch/middleware/templates/rescues/_trace.html.erb (2.2ms)
  Rendered /Users/Sivakesh/.rvm/gems/ruby-2.2.2/gems/actionpack-4.2.4/lib/action_dispatch/middleware/templates/rescues/_request_and_response.html.erb (0.8ms)
  Rendered /Users/Sivakesh/.rvm/gems/ruby-2.2.2/gems/actionpack-4.2.4/lib/action_dispatch/middleware/templates/rescues/template_error.html.erb within rescues/layout (48.1ms)
  Rendered /Users/Sivakesh/.rvm/gems/ruby-2.2.2/gems/web-console-2.2.1/lib/web_console/templates/_markup.html.erb (0.4ms)
  Rendered /Users/Sivakesh/.rvm/gems/ruby-2.2.2/gems/web-console-2.2.1/lib/web_console/templates/_inner_console_markup.html.erb within layouts/inlined_string (0.3ms)
  Rendered /Users/Sivakesh/.rvm/gems/ruby-2.2.2/gems/web-console-2.2.1/lib/web_console/templates/_prompt_box_markup.html.erb within layouts/inlined_string (0.3ms)
  Rendered /Users/Sivakesh/.rvm/gems/ruby-2.2.2/gems/web-console-2.2.1/lib/web_console/templates/style.css.erb within layouts/inlined_string (0.4ms)
  Rendered /Users/Sivakesh/.rvm/gems/ruby-2.2.2/gems/web-console-2.2.1/lib/web_console/templates/console.js.erb within layouts/javascript (36.3ms)
  Rendered /Users/Sivakesh/.rvm/gems/ruby-2.2.2/gems/web-console-2.2.1/lib/web_console/templates/main.js.erb within layouts/javascript (0.2ms)
  Rendered /Users/Sivakesh/.rvm/gems/ruby-2.2.2/gems/web-console-2.2.1/lib/web_console/templates/error_page.js.erb within layouts/javascript (0.3ms)
  Rendered /Users/Sivakesh/.rvm/gems/ruby-2.2.2/gems/web-console-2.2.1/lib/web_console/templates/index.html.erb (79.6ms)


Started GET "/messages/new" for ::1 at 2015-09-03 23:40:16 -0400
Processing by MessagesController#new as HTML
  Rendered messages/new.html.erb within layouts/application (1.8ms)
Completed 200 OK in 32ms (Views: 26.9ms | ActiveRecord: 0.4ms)


Started GET "/assets/jquery.self-a714331225dda820228db323939889f149aec0127aeb06255646b616ba1ca419.js?body=1" for ::1 at 2015-09-03 23:40:16 -0400


Started GET "/assets/application.self-e80e8f2318043e8af94dddc2adad5a4f09739a8ebb323b3ab31cd71d45fd9113.css?body=1" for ::1 at 2015-09-03 23:40:16 -0400


Started GET "/assets/jquery_ujs.self-d456baa54c1fa6be2ec3711f0a72ddf7a5b2f34a6b4f515f33767d6207b7d4b3.js?body=1" for ::1 at 2015-09-03 23:40:16 -0400


Started GET "/assets/turbolinks.self-c37727e9bd6b2735da5c311aa83fead54ed0be6cc8bd9a65309e9c5abe2cbfff.js?body=1" for ::1 at 2015-09-03 23:40:16 -0400


Started GET "/assets/messages.self-e3b0c44298fc1c149afbf4c8996fb92427ae41e4649b934ca495991b7852b855.css?body=1" for ::1 at 2015-09-03 23:40:16 -0400


Started GET "/assets/messages.self-877aef30ae1b040ab8a3aba4e3e309a11d7f2612f44dde450b5c157aa5f95c05.js?body=1" for ::1 at 2015-09-03 23:40:16 -0400


Started GET "/assets/application.self-3b8dabdc891efe46b9a144b400ad69e37d7e5876bdc39dee783419a69d7ca819.js?body=1" for ::1 at 2015-09-03 23:40:16 -0400


Started GET "/messages/new" for ::1 at 2015-09-03 23:43:12 -0400
Processing by MessagesController#new as HTML
  Rendered messages/new.html.erb within layouts/application (1.2ms)
Completed 200 OK in 34ms (Views: 33.7ms | ActiveRecord: 0.0ms)


Started GET "/assets/jquery.self-a714331225dda820228db323939889f149aec0127aeb06255646b616ba1ca419.js?body=1" for ::1 at 2015-09-03 23:43:12 -0400


Started GET "/assets/messages.self-e3b0c44298fc1c149afbf4c8996fb92427ae41e4649b934ca495991b7852b855.css?body=1" for ::1 at 2015-09-03 23:43:12 -0400


Started GET "/assets/jquery_ujs.self-d456baa54c1fa6be2ec3711f0a72ddf7a5b2f34a6b4f515f33767d6207b7d4b3.js?body=1" for ::1 at 2015-09-03 23:43:12 -0400


Started GET "/assets/application.self-e80e8f2318043e8af94dddc2adad5a4f09739a8ebb323b3ab31cd71d45fd9113.css?body=1" for ::1 at 2015-09-03 23:43:12 -0400


Started GET "/assets/turbolinks.self-c37727e9bd6b2735da5c311aa83fead54ed0be6cc8bd9a65309e9c5abe2cbfff.js?body=1" for ::1 at 2015-09-03 23:43:12 -0400


Started GET "/assets/messages.self-877aef30ae1b040ab8a3aba4e3e309a11d7f2612f44dde450b5c157aa5f95c05.js?body=1" for ::1 at 2015-09-03 23:43:12 -0400


Started GET "/assets/application.self-3b8dabdc891efe46b9a144b400ad69e37d7e5876bdc39dee783419a69d7ca819.js?body=1" for ::1 at 2015-09-03 23:43:12 -0400


Started GET "/messages/new" for ::1 at 2015-09-03 23:44:52 -0400
Processing by MessagesController#new as HTML
  Rendered messages/new.html.erb within layouts/application (6.3ms)
Completed 200 OK in 29ms (Views: 28.2ms | ActiveRecord: 0.0ms)


Started GET "/assets/messages.self-e3b0c44298fc1c149afbf4c8996fb92427ae41e4649b934ca495991b7852b855.css?body=1" for ::1 at 2015-09-03 23:44:52 -0400


Started GET "/assets/application.self-e80e8f2318043e8af94dddc2adad5a4f09739a8ebb323b3ab31cd71d45fd9113.css?body=1" for ::1 at 2015-09-03 23:44:52 -0400


Started GET "/assets/jquery.self-a714331225dda820228db323939889f149aec0127aeb06255646b616ba1ca419.js?body=1" for ::1 at 2015-09-03 23:44:52 -0400


Started GET "/assets/jquery_ujs.self-d456baa54c1fa6be2ec3711f0a72ddf7a5b2f34a6b4f515f33767d6207b7d4b3.js?body=1" for ::1 at 2015-09-03 23:44:52 -0400


Started GET "/assets/messages.self-877aef30ae1b040ab8a3aba4e3e309a11d7f2612f44dde450b5c157aa5f95c05.js?body=1" for ::1 at 2015-09-03 23:44:52 -0400


Started GET "/assets/turbolinks.self-c37727e9bd6b2735da5c311aa83fead54ed0be6cc8bd9a65309e9c5abe2cbfff.js?body=1" for ::1 at 2015-09-03 23:44:52 -0400


Started GET "/assets/application.self-3b8dabdc891efe46b9a144b400ad69e37d7e5876bdc39dee783419a69d7ca819.js?body=1" for ::1 at 2015-09-03 23:44:52 -0400


Started GET "/messages/new" for ::1 at 2015-09-03 23:48:18 -0400
Processing by MessagesController#new as HTML
  Rendered messages/new.html.erb within layouts/application (2.1ms)
Completed 200 OK in 25ms (Views: 24.3ms | ActiveRecord: 0.0ms)


Started GET "/assets/messages.self-e3b0c44298fc1c149afbf4c8996fb92427ae41e4649b934ca495991b7852b855.css?body=1" for ::1 at 2015-09-03 23:48:18 -0400


Started GET "/assets/jquery.self-a714331225dda820228db323939889f149aec0127aeb06255646b616ba1ca419.js?body=1" for ::1 at 2015-09-03 23:48:18 -0400


Started GET "/assets/application.self-e80e8f2318043e8af94dddc2adad5a4f09739a8ebb323b3ab31cd71d45fd9113.css?body=1" for ::1 at 2015-09-03 23:48:18 -0400


Started GET "/assets/turbolinks.self-c37727e9bd6b2735da5c311aa83fead54ed0be6cc8bd9a65309e9c5abe2cbfff.js?body=1" for ::1 at 2015-09-03 23:48:18 -0400


Started GET "/assets/messages.self-877aef30ae1b040ab8a3aba4e3e309a11d7f2612f44dde450b5c157aa5f95c05.js?body=1" for ::1 at 2015-09-03 23:48:18 -0400


Started GET "/assets/jquery_ujs.self-d456baa54c1fa6be2ec3711f0a72ddf7a5b2f34a6b4f515f33767d6207b7d4b3.js?body=1" for ::1 at 2015-09-03 23:48:18 -0400


Started GET "/assets/application.self-3b8dabdc891efe46b9a144b400ad69e37d7e5876bdc39dee783419a69d7ca819.js?body=1" for ::1 at 2015-09-03 23:48:18 -0400


Started GET "/messages/new" for ::1 at 2015-09-03 23:48:32 -0400
Processing by MessagesController#new as HTML
  Rendered messages/new.html.erb within layouts/application (1.7ms)
Completed 200 OK in 27ms (Views: 26.5ms | ActiveRecord: 0.0ms)


Started GET "/assets/messages.self-e3b0c44298fc1c149afbf4c8996fb92427ae41e4649b934ca495991b7852b855.css?body=1" for ::1 at 2015-09-03 23:48:32 -0400


Started GET "/assets/application.self-e80e8f2318043e8af94dddc2adad5a4f09739a8ebb323b3ab31cd71d45fd9113.css?body=1" for ::1 at 2015-09-03 23:48:32 -0400


Started GET "/assets/jquery_ujs.self-d456baa54c1fa6be2ec3711f0a72ddf7a5b2f34a6b4f515f33767d6207b7d4b3.js?body=1" for ::1 at 2015-09-03 23:48:32 -0400


Started GET "/assets/jquery.self-a714331225dda820228db323939889f149aec0127aeb06255646b616ba1ca419.js?body=1" for ::1 at 2015-09-03 23:48:32 -0400


Started GET "/assets/turbolinks.self-c37727e9bd6b2735da5c311aa83fead54ed0be6cc8bd9a65309e9c5abe2cbfff.js?body=1" for ::1 at 2015-09-03 23:48:32 -0400


Started GET "/assets/messages.self-877aef30ae1b040ab8a3aba4e3e309a11d7f2612f44dde450b5c157aa5f95c05.js?body=1" for ::1 at 2015-09-03 23:48:32 -0400


Started GET "/assets/application.self-3b8dabdc891efe46b9a144b400ad69e37d7e5876bdc39dee783419a69d7ca819.js?body=1" for ::1 at 2015-09-03 23:48:32 -0400


Started POST "/messages" for ::1 at 2015-09-03 23:48:54 -0400
Processing by MessagesController#create as HTML
  Parameters: {"utf8"=>"✓", "authenticity_token"=>"AQ6JavkQTUfuITF5EtKUL5AuBZ1qeQOQObewXv/emkpvyBtY9QAkmWlZ5gTF8SreukkJPnh/WjcJEMJMTNtFIA==", "message"=>{"m_name"=>"", "m_subject"=>"", "m_description"=>""}, "commit"=>"Create Message"}
  Rendered messages/create.html.erb within layouts/application (0.4ms)
Completed 200 OK in 34ms (Views: 33.4ms | ActiveRecord: 0.0ms)


Started GET "/messages/new" for ::1 at 2015-09-03 23:49:50 -0400
Processing by MessagesController#new as HTML
  Rendered messages/new.html.erb within layouts/application (0.4ms)
Completed 200 OK in 24ms (Views: 23.4ms | ActiveRecord: 0.0ms)


Started GET "/assets/messages.self-e3b0c44298fc1c149afbf4c8996fb92427ae41e4649b934ca495991b7852b855.css?body=1" for ::1 at 2015-09-03 23:49:50 -0400


Started GET "/assets/turbolinks.self-c37727e9bd6b2735da5c311aa83fead54ed0be6cc8bd9a65309e9c5abe2cbfff.js?body=1" for ::1 at 2015-09-03 23:49:50 -0400


Started GET "/assets/jquery_ujs.self-d456baa54c1fa6be2ec3711f0a72ddf7a5b2f34a6b4f515f33767d6207b7d4b3.js?body=1" for ::1 at 2015-09-03 23:49:50 -0400


Started GET "/assets/jquery.self-a714331225dda820228db323939889f149aec0127aeb06255646b616ba1ca419.js?body=1" for ::1 at 2015-09-03 23:49:50 -0400


Started GET "/assets/messages.self-877aef30ae1b040ab8a3aba4e3e309a11d7f2612f44dde450b5c157aa5f95c05.js?body=1" for ::1 at 2015-09-03 23:49:50 -0400


Started GET "/assets/application.self-e80e8f2318043e8af94dddc2adad5a4f09739a8ebb323b3ab31cd71d45fd9113.css?body=1" for ::1 at 2015-09-03 23:49:50 -0400


Started GET "/assets/application.self-3b8dabdc891efe46b9a144b400ad69e37d7e5876bdc39dee783419a69d7ca819.js?body=1" for ::1 at 2015-09-03 23:49:50 -0400


Started POST "/messages" for ::1 at 2015-09-03 23:50:03 -0400
Processing by MessagesController#create as HTML
  Parameters: {"utf8"=>"✓", "message"=>{"m_name"=>"Siva", "m_subject"=>"mail", "m_description"=>"qwe"}, "commit"=>"Create Message"}
Can't verify CSRF token authenticity
Completed 422 Unprocessable Entity in 1ms (ActiveRecord: 0.0ms)

ActionController::InvalidAuthenticityToken (ActionController::InvalidAuthenticityToken):
  actionpack (4.2.4) lib/action_controller/metal/request_forgery_protection.rb:181:in `handle_unverified_request'
  actionpack (4.2.4) lib/action_controller/metal/request_forgery_protection.rb:209:in `handle_unverified_request'
  actionpack (4.2.4) lib/action_controller/metal/request_forgery_protection.rb:204:in `verify_authenticity_token'
  activesupport (4.2.4) lib/active_support/callbacks.rb:432:in `block in make_lambda'
  activesupport (4.2.4) lib/active_support/callbacks.rb:164:in `call'
  activesupport (4.2.4) lib/active_support/callbacks.rb:164:in `block in halting'
  activesupport (4.2.4) lib/active_support/callbacks.rb:504:in `call'
  activesupport (4.2.4) lib/active_support/callbacks.rb:504:in `block in call'
  activesupport (4.2.4) lib/active_support/callbacks.rb:504:in `each'
  activesupport (4.2.4) lib/active_support/callbacks.rb:504:in `call'
  activesupport (4.2.4) lib/active_support/callbacks.rb:92:in `__run_callbacks__'
  activesupport (4.2.4) lib/active_support/callbacks.rb:778:in `_run_process_action_callbacks'
  activesupport (4.2.4) lib/active_support/callbacks.rb:81:in `run_callbacks'
  actionpack (4.2.4) lib/abstract_controller/callbacks.rb:19:in `process_action'
  actionpack (4.2.4) lib/action_controller/metal/rescue.rb:29:in `process_action'
  actionpack (4.2.4) lib/action_controller/metal/instrumentation.rb:32:in `block in process_action'
  activesupport (4.2.4) lib/active_support/notifications.rb:164:in `block in instrument'
  activesupport (4.2.4) lib/active_support/notifications/instrumenter.rb:20:in `instrument'
  activesupport (4.2.4) lib/active_support/notifications.rb:164:in `instrument'
  actionpack (4.2.4) lib/action_controller/metal/instrumentation.rb:30:in `process_action'
  actionpack (4.2.4) lib/action_controller/metal/params_wrapper.rb:250:in `process_action'
  activerecord (4.2.4) lib/active_record/railties/controller_runtime.rb:18:in `process_action'
  actionpack (4.2.4) lib/abstract_controller/base.rb:137:in `process'
  actionview (4.2.4) lib/action_view/rendering.rb:30:in `process'
  actionpack (4.2.4) lib/action_controller/metal.rb:196:in `dispatch'
  actionpack (4.2.4) lib/action_controller/metal/rack_delegation.rb:13:in `dispatch'
  actionpack (4.2.4) lib/action_controller/metal.rb:237:in `block in action'
  actionpack (4.2.4) lib/action_dispatch/routing/route_set.rb:76:in `call'
  actionpack (4.2.4) lib/action_dispatch/routing/route_set.rb:76:in `dispatch'
  actionpack (4.2.4) lib/action_dispatch/routing/route_set.rb:45:in `serve'
  actionpack (4.2.4) lib/action_dispatch/journey/router.rb:43:in `block in serve'
  actionpack (4.2.4) lib/action_dispatch/journey/router.rb:30:in `each'
  actionpack (4.2.4) lib/action_dispatch/journey/router.rb:30:in `serve'
  actionpack (4.2.4) lib/action_dispatch/routing/route_set.rb:821:in `call'
  rack (1.6.4) lib/rack/etag.rb:24:in `call'
  rack (1.6.4) lib/rack/conditionalget.rb:38:in `call'
  rack (1.6.4) lib/rack/head.rb:13:in `call'
  actionpack (4.2.4) lib/action_dispatch/middleware/params_parser.rb:27:in `call'
  actionpack (4.2.4) lib/action_dispatch/middleware/flash.rb:260:in `call'
  rack (1.6.4) lib/rack/session/abstract/id.rb:225:in `context'
  rack (1.6.4) lib/rack/session/abstract/id.rb:220:in `call'
  actionpack (4.2.4) lib/action_dispatch/middleware/cookies.rb:560:in `call'
  activerecord (4.2.4) lib/active_record/query_cache.rb:36:in `call'
  activerecord (4.2.4) lib/active_record/connection_adapters/abstract/connection_pool.rb:653:in `call'
  activerecord (4.2.4) lib/active_record/migration.rb:377:in `call'
  actionpack (4.2.4) lib/action_dispatch/middleware/callbacks.rb:29:in `block in call'
  activesupport (4.2.4) lib/active_support/callbacks.rb:88:in `__run_callbacks__'
  activesupport (4.2.4) lib/active_support/callbacks.rb:778:in `_run_call_callbacks'
  activesupport (4.2.4) lib/active_support/callbacks.rb:81:in `run_callbacks'
  actionpack (4.2.4) lib/action_dispatch/middleware/callbacks.rb:27:in `call'
  actionpack (4.2.4) lib/action_dispatch/middleware/reloader.rb:73:in `call'
  actionpack (4.2.4) lib/action_dispatch/middleware/remote_ip.rb:78:in `call'
  actionpack (4.2.4) lib/action_dispatch/middleware/debug_exceptions.rb:17:in `call'
  web-console (2.2.1) lib/web_console/middleware.rb:39:in `call'
  actionpack (4.2.4) lib/action_dispatch/middleware/show_exceptions.rb:30:in `call'
  railties (4.2.4) lib/rails/rack/logger.rb:38:in `call_app'
  railties (4.2.4) lib/rails/rack/logger.rb:20:in `block in call'
  activesupport (4.2.4) lib/active_support/tagged_logging.rb:68:in `block in tagged'
  activesupport (4.2.4) lib/active_support/tagged_logging.rb:26:in `tagged'
  activesupport (4.2.4) lib/active_support/tagged_logging.rb:68:in `tagged'
  railties (4.2.4) lib/rails/rack/logger.rb:20:in `call'
  actionpack (4.2.4) lib/action_dispatch/middleware/request_id.rb:21:in `call'
  rack (1.6.4) lib/rack/methodoverride.rb:22:in `call'
  rack (1.6.4) lib/rack/runtime.rb:18:in `call'
  activesupport (4.2.4) lib/active_support/cache/strategy/local_cache_middleware.rb:28:in `call'
  rack (1.6.4) lib/rack/lock.rb:17:in `call'
  actionpack (4.2.4) lib/action_dispatch/middleware/static.rb:116:in `call'
  rack (1.6.4) lib/rack/sendfile.rb:113:in `call'
  railties (4.2.4) lib/rails/engine.rb:518:in `call'
  railties (4.2.4) lib/rails/application.rb:165:in `call'
  rack (1.6.4) lib/rack/lock.rb:17:in `call'
  rack (1.6.4) lib/rack/content_length.rb:15:in `call'
  rack (1.6.4) lib/rack/handler/webrick.rb:88:in `service'
  /Users/Sivakesh/.rvm/rubies/ruby-2.2.2/lib/ruby/2.2.0/webrick/httpserver.rb:138:in `service'
  /Users/Sivakesh/.rvm/rubies/ruby-2.2.2/lib/ruby/2.2.0/webrick/httpserver.rb:94:in `run'
  /Users/Sivakesh/.rvm/rubies/ruby-2.2.2/lib/ruby/2.2.0/webrick/server.rb:294:in `block in start_thread'


  Rendered /Users/Sivakesh/.rvm/gems/ruby-2.2.2/gems/actionpack-4.2.4/lib/action_dispatch/middleware/templates/rescues/_source.erb (4.1ms)
  Rendered /Users/Sivakesh/.rvm/gems/ruby-2.2.2/gems/actionpack-4.2.4/lib/action_dispatch/middleware/templates/rescues/_trace.html.erb (1.7ms)
  Rendered /Users/Sivakesh/.rvm/gems/ruby-2.2.2/gems/actionpack-4.2.4/lib/action_dispatch/middleware/templates/rescues/_request_and_response.html.erb (1.2ms)
  Rendered /Users/Sivakesh/.rvm/gems/ruby-2.2.2/gems/actionpack-4.2.4/lib/action_dispatch/middleware/templates/rescues/diagnostics.html.erb within rescues/layout (49.3ms)
  Rendered /Users/Sivakesh/.rvm/gems/ruby-2.2.2/gems/web-console-2.2.1/lib/web_console/templates/_markup.html.erb (0.4ms)
  Rendered /Users/Sivakesh/.rvm/gems/ruby-2.2.2/gems/web-console-2.2.1/lib/web_console/templates/_inner_console_markup.html.erb within layouts/inlined_string (0.3ms)
  Rendered /Users/Sivakesh/.rvm/gems/ruby-2.2.2/gems/web-console-2.2.1/lib/web_console/templates/_prompt_box_markup.html.erb within layouts/inlined_string (0.3ms)
  Rendered /Users/Sivakesh/.rvm/gems/ruby-2.2.2/gems/web-console-2.2.1/lib/web_console/templates/style.css.erb within layouts/inlined_string (0.3ms)
  Rendered /Users/Sivakesh/.rvm/gems/ruby-2.2.2/gems/web-console-2.2.1/lib/web_console/templates/console.js.erb within layouts/javascript (32.8ms)
  Rendered /Users/Sivakesh/.rvm/gems/ruby-2.2.2/gems/web-console-2.2.1/lib/web_console/templates/main.js.erb within layouts/javascript (0.3ms)
  Rendered /Users/Sivakesh/.rvm/gems/ruby-2.2.2/gems/web-console-2.2.1/lib/web_console/templates/error_page.js.erb within layouts/javascript (0.3ms)
  Rendered /Users/Sivakesh/.rvm/gems/ruby-2.2.2/gems/web-console-2.2.1/lib/web_console/templates/index.html.erb (76.7ms)


Started POST "/messages" for ::1 at 2015-09-03 23:50:48 -0400
Processing by MessagesController#create as HTML
  Parameters: {"utf8"=>"✓", "message"=>{"m_name"=>"Siva", "m_subject"=>"mail", "m_description"=>"qwe"}, "commit"=>"Create Message"}
Can't verify CSRF token authenticity
Completed 422 Unprocessable Entity in 1ms (ActiveRecord: 0.0ms)

ActionController::InvalidAuthenticityToken (ActionController::InvalidAuthenticityToken):
  actionpack (4.2.4) lib/action_controller/metal/request_forgery_protection.rb:181:in `handle_unverified_request'
  actionpack (4.2.4) lib/action_controller/metal/request_forgery_protection.rb:209:in `handle_unverified_request'
  actionpack (4.2.4) lib/action_controller/metal/request_forgery_protection.rb:204:in `verify_authenticity_token'
  activesupport (4.2.4) lib/active_support/callbacks.rb:432:in `block in make_lambda'
  activesupport (4.2.4) lib/active_support/callbacks.rb:164:in `call'
  activesupport (4.2.4) lib/active_support/callbacks.rb:164:in `block in halting'
  activesupport (4.2.4) lib/active_support/callbacks.rb:504:in `call'
  activesupport (4.2.4) lib/active_support/callbacks.rb:504:in `block in call'
  activesupport (4.2.4) lib/active_support/callbacks.rb:504:in `each'
  activesupport (4.2.4) lib/active_support/callbacks.rb:504:in `call'
  activesupport (4.2.4) lib/active_support/callbacks.rb:92:in `__run_callbacks__'
  activesupport (4.2.4) lib/active_support/callbacks.rb:778:in `_run_process_action_callbacks'
  activesupport (4.2.4) lib/active_support/callbacks.rb:81:in `run_callbacks'
  actionpack (4.2.4) lib/abstract_controller/callbacks.rb:19:in `process_action'
  actionpack (4.2.4) lib/action_controller/metal/rescue.rb:29:in `process_action'
  actionpack (4.2.4) lib/action_controller/metal/instrumentation.rb:32:in `block in process_action'
  activesupport (4.2.4) lib/active_support/notifications.rb:164:in `block in instrument'
  activesupport (4.2.4) lib/active_support/notifications/instrumenter.rb:20:in `instrument'
  activesupport (4.2.4) lib/active_support/notifications.rb:164:in `instrument'
  actionpack (4.2.4) lib/action_controller/metal/instrumentation.rb:30:in `process_action'
  actionpack (4.2.4) lib/action_controller/metal/params_wrapper.rb:250:in `process_action'
  activerecord (4.2.4) lib/active_record/railties/controller_runtime.rb:18:in `process_action'
  actionpack (4.2.4) lib/abstract_controller/base.rb:137:in `process'
  actionview (4.2.4) lib/action_view/rendering.rb:30:in `process'
  actionpack (4.2.4) lib/action_controller/metal.rb:196:in `dispatch'
  actionpack (4.2.4) lib/action_controller/metal/rack_delegation.rb:13:in `dispatch'
  actionpack (4.2.4) lib/action_controller/metal.rb:237:in `block in action'
  actionpack (4.2.4) lib/action_dispatch/routing/route_set.rb:76:in `call'
  actionpack (4.2.4) lib/action_dispatch/routing/route_set.rb:76:in `dispatch'
  actionpack (4.2.4) lib/action_dispatch/routing/route_set.rb:45:in `serve'
  actionpack (4.2.4) lib/action_dispatch/journey/router.rb:43:in `block in serve'
  actionpack (4.2.4) lib/action_dispatch/journey/router.rb:30:in `each'
  actionpack (4.2.4) lib/action_dispatch/journey/router.rb:30:in `serve'
  actionpack (4.2.4) lib/action_dispatch/routing/route_set.rb:821:in `call'
  rack (1.6.4) lib/rack/etag.rb:24:in `call'
  rack (1.6.4) lib/rack/conditionalget.rb:38:in `call'
  rack (1.6.4) lib/rack/head.rb:13:in `call'
  actionpack (4.2.4) lib/action_dispatch/middleware/params_parser.rb:27:in `call'
  actionpack (4.2.4) lib/action_dispatch/middleware/flash.rb:260:in `call'
  rack (1.6.4) lib/rack/session/abstract/id.rb:225:in `context'
  rack (1.6.4) lib/rack/session/abstract/id.rb:220:in `call'
  actionpack (4.2.4) lib/action_dispatch/middleware/cookies.rb:560:in `call'
  activerecord (4.2.4) lib/active_record/query_cache.rb:36:in `call'
  activerecord (4.2.4) lib/active_record/connection_adapters/abstract/connection_pool.rb:653:in `call'
  activerecord (4.2.4) lib/active_record/migration.rb:377:in `call'
  actionpack (4.2.4) lib/action_dispatch/middleware/callbacks.rb:29:in `block in call'
  activesupport (4.2.4) lib/active_support/callbacks.rb:88:in `__run_callbacks__'
  activesupport (4.2.4) lib/active_support/callbacks.rb:778:in `_run_call_callbacks'
  activesupport (4.2.4) lib/active_support/callbacks.rb:81:in `run_callbacks'
  actionpack (4.2.4) lib/action_dispatch/middleware/callbacks.rb:27:in `call'
  actionpack (4.2.4) lib/action_dispatch/middleware/reloader.rb:73:in `call'
  actionpack (4.2.4) lib/action_dispatch/middleware/remote_ip.rb:78:in `call'
  actionpack (4.2.4) lib/action_dispatch/middleware/debug_exceptions.rb:17:in `call'
  web-console (2.2.1) lib/web_console/middleware.rb:39:in `call'
  actionpack (4.2.4) lib/action_dispatch/middleware/show_exceptions.rb:30:in `call'
  railties (4.2.4) lib/rails/rack/logger.rb:38:in `call_app'
  railties (4.2.4) lib/rails/rack/logger.rb:20:in `block in call'
  activesupport (4.2.4) lib/active_support/tagged_logging.rb:68:in `block in tagged'
  activesupport (4.2.4) lib/active_support/tagged_logging.rb:26:in `tagged'
  activesupport (4.2.4) lib/active_support/tagged_logging.rb:68:in `tagged'
  railties (4.2.4) lib/rails/rack/logger.rb:20:in `call'
  actionpack (4.2.4) lib/action_dispatch/middleware/request_id.rb:21:in `call'
  rack (1.6.4) lib/rack/methodoverride.rb:22:in `call'
  rack (1.6.4) lib/rack/runtime.rb:18:in `call'
  activesupport (4.2.4) lib/active_support/cache/strategy/local_cache_middleware.rb:28:in `call'
  rack (1.6.4) lib/rack/lock.rb:17:in `call'
  actionpack (4.2.4) lib/action_dispatch/middleware/static.rb:116:in `call'
  rack (1.6.4) lib/rack/sendfile.rb:113:in `call'
  railties (4.2.4) lib/rails/engine.rb:518:in `call'
  railties (4.2.4) lib/rails/application.rb:165:in `call'
  rack (1.6.4) lib/rack/lock.rb:17:in `call'
  rack (1.6.4) lib/rack/content_length.rb:15:in `call'
  rack (1.6.4) lib/rack/handler/webrick.rb:88:in `service'
  /Users/Sivakesh/.rvm/rubies/ruby-2.2.2/lib/ruby/2.2.0/webrick/httpserver.rb:138:in `service'
  /Users/Sivakesh/.rvm/rubies/ruby-2.2.2/lib/ruby/2.2.0/webrick/httpserver.rb:94:in `run'
  /Users/Sivakesh/.rvm/rubies/ruby-2.2.2/lib/ruby/2.2.0/webrick/server.rb:294:in `block in start_thread'


  Rendered /Users/Sivakesh/.rvm/gems/ruby-2.2.2/gems/actionpack-4.2.4/lib/action_dispatch/middleware/templates/rescues/_source.erb (4.7ms)
  Rendered /Users/Sivakesh/.rvm/gems/ruby-2.2.2/gems/actionpack-4.2.4/lib/action_dispatch/middleware/templates/rescues/_trace.html.erb (1.8ms)
  Rendered /Users/Sivakesh/.rvm/gems/ruby-2.2.2/gems/actionpack-4.2.4/lib/action_dispatch/middleware/templates/rescues/_request_and_response.html.erb (1.0ms)
  Rendered /Users/Sivakesh/.rvm/gems/ruby-2.2.2/gems/actionpack-4.2.4/lib/action_dispatch/middleware/templates/rescues/diagnostics.html.erb within rescues/layout (46.3ms)
  Rendered /Users/Sivakesh/.rvm/gems/ruby-2.2.2/gems/web-console-2.2.1/lib/web_console/templates/_markup.html.erb (0.4ms)
  Rendered /Users/Sivakesh/.rvm/gems/ruby-2.2.2/gems/web-console-2.2.1/lib/web_console/templates/_inner_console_markup.html.erb within layouts/inlined_string (0.5ms)
  Rendered /Users/Sivakesh/.rvm/gems/ruby-2.2.2/gems/web-console-2.2.1/lib/web_console/templates/_prompt_box_markup.html.erb within layouts/inlined_string (0.4ms)
  Rendered /Users/Sivakesh/.rvm/gems/ruby-2.2.2/gems/web-console-2.2.1/lib/web_console/templates/style.css.erb within layouts/inlined_string (0.3ms)
  Rendered /Users/Sivakesh/.rvm/gems/ruby-2.2.2/gems/web-console-2.2.1/lib/web_console/templates/console.js.erb within layouts/javascript (35.4ms)
  Rendered /Users/Sivakesh/.rvm/gems/ruby-2.2.2/gems/web-console-2.2.1/lib/web_console/templates/main.js.erb within layouts/javascript (0.3ms)
  Rendered /Users/Sivakesh/.rvm/gems/ruby-2.2.2/gems/web-console-2.2.1/lib/web_console/templates/error_page.js.erb within layouts/javascript (0.6ms)
  Rendered /Users/Sivakesh/.rvm/gems/ruby-2.2.2/gems/web-console-2.2.1/lib/web_console/templates/index.html.erb (80.1ms)


Started GET "/messages/new" for ::1 at 2015-09-03 23:50:51 -0400
Processing by MessagesController#new as HTML
  Rendered messages/new.html.erb within layouts/application (2.0ms)
Completed 200 OK in 26ms (Views: 25.1ms | ActiveRecord: 0.0ms)


Started GET "/assets/jquery.self-a714331225dda820228db323939889f149aec0127aeb06255646b616ba1ca419.js?body=1" for ::1 at 2015-09-03 23:50:51 -0400


Started GET "/assets/messages.self-e3b0c44298fc1c149afbf4c8996fb92427ae41e4649b934ca495991b7852b855.css?body=1" for ::1 at 2015-09-03 23:50:51 -0400


Started GET "/assets/application.self-e80e8f2318043e8af94dddc2adad5a4f09739a8ebb323b3ab31cd71d45fd9113.css?body=1" for ::1 at 2015-09-03 23:50:51 -0400


Started GET "/assets/jquery_ujs.self-d456baa54c1fa6be2ec3711f0a72ddf7a5b2f34a6b4f515f33767d6207b7d4b3.js?body=1" for ::1 at 2015-09-03 23:50:51 -0400


Started GET "/assets/turbolinks.self-c37727e9bd6b2735da5c311aa83fead54ed0be6cc8bd9a65309e9c5abe2cbfff.js?body=1" for ::1 at 2015-09-03 23:50:51 -0400


Started GET "/assets/messages.self-877aef30ae1b040ab8a3aba4e3e309a11d7f2612f44dde450b5c157aa5f95c05.js?body=1" for ::1 at 2015-09-03 23:50:51 -0400


Started GET "/assets/application.self-3b8dabdc891efe46b9a144b400ad69e37d7e5876bdc39dee783419a69d7ca819.js?body=1" for ::1 at 2015-09-03 23:50:51 -0400


Started GET "/messages/new" for ::1 at 2015-09-03 23:50:54 -0400
Processing by MessagesController#new as HTML
  Rendered messages/new.html.erb within layouts/application (1.5ms)
Completed 200 OK in 25ms (Views: 24.5ms | ActiveRecord: 0.0ms)


Started GET "/assets/application.self-e80e8f2318043e8af94dddc2adad5a4f09739a8ebb323b3ab31cd71d45fd9113.css?body=1" for ::1 at 2015-09-03 23:50:54 -0400


Started GET "/assets/turbolinks.self-c37727e9bd6b2735da5c311aa83fead54ed0be6cc8bd9a65309e9c5abe2cbfff.js?body=1" for ::1 at 2015-09-03 23:50:54 -0400


Started GET "/assets/jquery_ujs.self-d456baa54c1fa6be2ec3711f0a72ddf7a5b2f34a6b4f515f33767d6207b7d4b3.js?body=1" for ::1 at 2015-09-03 23:50:54 -0400


Started GET "/assets/messages.self-e3b0c44298fc1c149afbf4c8996fb92427ae41e4649b934ca495991b7852b855.css?body=1" for ::1 at 2015-09-03 23:50:54 -0400


Started GET "/assets/messages.self-877aef30ae1b040ab8a3aba4e3e309a11d7f2612f44dde450b5c157aa5f95c05.js?body=1" for ::1 at 2015-09-03 23:50:54 -0400


Started GET "/assets/jquery.self-a714331225dda820228db323939889f149aec0127aeb06255646b616ba1ca419.js?body=1" for ::1 at 2015-09-03 23:50:54 -0400


Started GET "/assets/application.self-3b8dabdc891efe46b9a144b400ad69e37d7e5876bdc39dee783419a69d7ca819.js?body=1" for ::1 at 2015-09-03 23:50:54 -0400


Started POST "/messages" for ::1 at 2015-09-03 23:51:03 -0400
Processing by MessagesController#create as HTML
  Parameters: {"utf8"=>"✓", "authenticity_token"=>"kC3q8TkonnxgeF20I+OU8OqftD4xfbt7XRlqBJDzCYr+63jDNTj3oucAisn0wCoBwPi4nSN74txtvhgWI/bW4A==", "message"=>{"m_name"=>"Siva", "m_subject"=>"mail", "m_description"=>"qwer"}, "commit"=>"Create Message"}
  Rendered messages/create.html.erb within layouts/application (0.0ms)
Completed 200 OK in 26ms (Views: 25.2ms | ActiveRecord: 0.0ms)


Started GET "/messages/new" for ::1 at 2015-09-03 23:53:26 -0400
Processing by MessagesController#new as HTML
  Rendered messages/new.html.erb within layouts/application (2.3ms)
Completed 200 OK in 37ms (Views: 33.2ms | ActiveRecord: 0.4ms)


Started GET "/assets/jquery.self-a714331225dda820228db323939889f149aec0127aeb06255646b616ba1ca419.js?body=1" for ::1 at 2015-09-03 23:53:27 -0400


Started GET "/assets/messages.self-e3b0c44298fc1c149afbf4c8996fb92427ae41e4649b934ca495991b7852b855.css?body=1" for ::1 at 2015-09-03 23:53:27 -0400


Started GET "/assets/turbolinks.self-c37727e9bd6b2735da5c311aa83fead54ed0be6cc8bd9a65309e9c5abe2cbfff.js?body=1" for ::1 at 2015-09-03 23:53:27 -0400


Started GET "/assets/application.self-e80e8f2318043e8af94dddc2adad5a4f09739a8ebb323b3ab31cd71d45fd9113.css?body=1" for ::1 at 2015-09-03 23:53:27 -0400


Started GET "/assets/messages.self-877aef30ae1b040ab8a3aba4e3e309a11d7f2612f44dde450b5c157aa5f95c05.js?body=1" for ::1 at 2015-09-03 23:53:27 -0400


Started GET "/assets/jquery_ujs.self-d456baa54c1fa6be2ec3711f0a72ddf7a5b2f34a6b4f515f33767d6207b7d4b3.js?body=1" for ::1 at 2015-09-03 23:53:27 -0400


Started GET "/assets/application.self-3b8dabdc891efe46b9a144b400ad69e37d7e5876bdc39dee783419a69d7ca819.js?body=1" for ::1 at 2015-09-03 23:53:27 -0400


Started POST "/messages" for ::1 at 2015-09-03 23:53:34 -0400
Processing by MessagesController#create as HTML
  Parameters: {"utf8"=>"✓", "authenticity_token"=>"PaM383B68z5s2cPWqiTr2u6sTG8Dh7g6e/TbWBScztlTZaXBfGqa4OuhFKt9B1UrxMtAzBGB4Z1LU6lKp5kRsw==", "message"=>{"m_name"=>"Siva", "m_subject"=>"mail", "m_description"=>"dsasda"}, "commit"=>"Create Message"}
Completed 400 Bad Request in 1ms (ActiveRecord: 0.0ms)

ActionController::ParameterMissing (param is missing or the value is empty: messages):
  app/controllers/messages_controller.rb:14:in `check_params'
  app/controllers/messages_controller.rb:10:in `create'


  Rendered /Users/Sivakesh/.rvm/gems/ruby-2.2.2/gems/actionpack-4.2.4/lib/action_dispatch/middleware/templates/rescues/_source.erb (4.0ms)
  Rendered /Users/Sivakesh/.rvm/gems/ruby-2.2.2/gems/actionpack-4.2.4/lib/action_dispatch/middleware/templates/rescues/_trace.html.erb (1.9ms)
  Rendered /Users/Sivakesh/.rvm/gems/ruby-2.2.2/gems/actionpack-4.2.4/lib/action_dispatch/middleware/templates/rescues/_request_and_response.html.erb (0.9ms)
  Rendered /Users/Sivakesh/.rvm/gems/ruby-2.2.2/gems/actionpack-4.2.4/lib/action_dispatch/middleware/templates/rescues/diagnostics.html.erb within rescues/layout (43.4ms)
  Rendered /Users/Sivakesh/.rvm/gems/ruby-2.2.2/gems/web-console-2.2.1/lib/web_console/templates/_markup.html.erb (0.3ms)
  Rendered /Users/Sivakesh/.rvm/gems/ruby-2.2.2/gems/web-console-2.2.1/lib/web_console/templates/_inner_console_markup.html.erb within layouts/inlined_string (0.3ms)
  Rendered /Users/Sivakesh/.rvm/gems/ruby-2.2.2/gems/web-console-2.2.1/lib/web_console/templates/_prompt_box_markup.html.erb within layouts/inlined_string (0.3ms)
  Rendered /Users/Sivakesh/.rvm/gems/ruby-2.2.2/gems/web-console-2.2.1/lib/web_console/templates/style.css.erb within layouts/inlined_string (0.5ms)
  Rendered /Users/Sivakesh/.rvm/gems/ruby-2.2.2/gems/web-console-2.2.1/lib/web_console/templates/console.js.erb within layouts/javascript (34.4ms)
  Rendered /Users/Sivakesh/.rvm/gems/ruby-2.2.2/gems/web-console-2.2.1/lib/web_console/templates/main.js.erb within layouts/javascript (0.2ms)
  Rendered /Users/Sivakesh/.rvm/gems/ruby-2.2.2/gems/web-console-2.2.1/lib/web_console/templates/error_page.js.erb within layouts/javascript (0.4ms)
  Rendered /Users/Sivakesh/.rvm/gems/ruby-2.2.2/gems/web-console-2.2.1/lib/web_console/templates/index.html.erb (79.0ms)


Started GET "/messages/new" for ::1 at 2015-09-03 23:54:44 -0400
Processing by MessagesController#new as HTML
  Rendered messages/new.html.erb within layouts/application (2.0ms)
Completed 200 OK in 30ms (Views: 24.8ms | ActiveRecord: 0.4ms)


Started GET "/assets/messages.self-877aef30ae1b040ab8a3aba4e3e309a11d7f2612f44dde450b5c157aa5f95c05.js?body=1" for ::1 at 2015-09-03 23:54:44 -0400


Started GET "/assets/turbolinks.self-c37727e9bd6b2735da5c311aa83fead54ed0be6cc8bd9a65309e9c5abe2cbfff.js?body=1" for ::1 at 2015-09-03 23:54:44 -0400


Started GET "/assets/jquery.self-a714331225dda820228db323939889f149aec0127aeb06255646b616ba1ca419.js?body=1" for ::1 at 2015-09-03 23:54:44 -0400


Started GET "/assets/application.self-e80e8f2318043e8af94dddc2adad5a4f09739a8ebb323b3ab31cd71d45fd9113.css?body=1" for ::1 at 2015-09-03 23:54:44 -0400


Started GET "/assets/messages.self-e3b0c44298fc1c149afbf4c8996fb92427ae41e4649b934ca495991b7852b855.css?body=1" for ::1 at 2015-09-03 23:54:44 -0400


Started GET "/assets/jquery_ujs.self-d456baa54c1fa6be2ec3711f0a72ddf7a5b2f34a6b4f515f33767d6207b7d4b3.js?body=1" for ::1 at 2015-09-03 23:54:44 -0400


Started GET "/assets/application.self-3b8dabdc891efe46b9a144b400ad69e37d7e5876bdc39dee783419a69d7ca819.js?body=1" for ::1 at 2015-09-03 23:54:44 -0400


Started POST "/messages" for ::1 at 2015-09-03 23:54:51 -0400
Processing by MessagesController#create as HTML
  Parameters: {"utf8"=>"✓", "authenticity_token"=>"8ZSvtzt6pEzMhJNCGOTUmabBb+8boOQ+XNObQSr37OyfUj2FN2rNkkv8RD/Px2pojKZjTAmmvZlsdOlTmfIzhg==", "message"=>{"m_name"=>"Siva", "m_subject"=>"mail", "m_description"=>"czczc"}, "commit"=>"Create Message"}
  [1m[35m (0.1ms)[0m  begin transaction
  [1m[36mSQL (0.3ms)[0m  [1mINSERT INTO "messages" ("m_name", "m_subject", "m_description", "created_at", "updated_at") VALUES (?, ?, ?, ?, ?)[0m  [["m_name", "Siva"], ["m_subject", "mail"], ["m_description", "czczc"], ["created_at", "2015-09-04 03:54:51.148084"], ["updated_at", "2015-09-04 03:54:51.148084"]]
  [1m[35m (0.4ms)[0m  commit transaction
  Rendered messages/create.html.erb within layouts/application (0.0ms)
Completed 200 OK in 40ms (Views: 34.1ms | ActiveRecord: 0.8ms)


Started POST "/messages" for ::1 at 2015-09-03 23:55:33 -0400
Processing by MessagesController#create as HTML
  Parameters: {"utf8"=>"✓", "authenticity_token"=>"8ZSvtzt6pEzMhJNCGOTUmabBb+8boOQ+XNObQSr37OyfUj2FN2rNkkv8RD/Px2pojKZjTAmmvZlsdOlTmfIzhg==", "message"=>{"m_name"=>"Siva", "m_subject"=>"mail", "m_description"=>"czczc"}, "commit"=>"Create Message"}
  [1m[36m (0.0ms)[0m  [1mbegin transaction[0m
  [1m[35mSQL (0.3ms)[0m  INSERT INTO "messages" ("m_name", "m_subject", "m_description", "created_at", "updated_at") VALUES (?, ?, ?, ?, ?)  [["m_name", "Siva"], ["m_subject", "mail"], ["m_description", "czczc"], ["created_at", "2015-09-04 03:55:33.775943"], ["updated_at", "2015-09-04 03:55:33.775943"]]
  [1m[36m (2.1ms)[0m  [1mcommit transaction[0m
Redirected to http://localhost:4000/messages
Completed 302 Found in 8ms (ActiveRecord: 2.8ms)


Started GET "/messages" for ::1 at 2015-09-03 23:55:33 -0400
Processing by MessagesController#index as HTML
  Rendered messages/index.html.erb within layouts/application (0.3ms)
Completed 200 OK in 25ms (Views: 24.4ms | ActiveRecord: 0.0ms)


Started GET "/assets/messages.self-e3b0c44298fc1c149afbf4c8996fb92427ae41e4649b934ca495991b7852b855.css?body=1" for ::1 at 2015-09-03 23:55:33 -0400


Started GET "/assets/messages.self-877aef30ae1b040ab8a3aba4e3e309a11d7f2612f44dde450b5c157aa5f95c05.js?body=1" for ::1 at 2015-09-03 23:55:33 -0400


Started GET "/assets/turbolinks.self-c37727e9bd6b2735da5c311aa83fead54ed0be6cc8bd9a65309e9c5abe2cbfff.js?body=1" for ::1 at 2015-09-03 23:55:33 -0400


Started GET "/assets/jquery.self-a714331225dda820228db323939889f149aec0127aeb06255646b616ba1ca419.js?body=1" for ::1 at 2015-09-03 23:55:33 -0400


Started GET "/assets/jquery_ujs.self-d456baa54c1fa6be2ec3711f0a72ddf7a5b2f34a6b4f515f33767d6207b7d4b3.js?body=1" for ::1 at 2015-09-03 23:55:33 -0400


Started GET "/assets/application.self-e80e8f2318043e8af94dddc2adad5a4f09739a8ebb323b3ab31cd71d45fd9113.css?body=1" for ::1 at 2015-09-03 23:55:33 -0400


Started GET "/assets/application.self-3b8dabdc891efe46b9a144b400ad69e37d7e5876bdc39dee783419a69d7ca819.js?body=1" for ::1 at 2015-09-03 23:55:33 -0400


Started POST "/messages" for ::1 at 2015-09-03 23:56:28 -0400
Processing by MessagesController#create as HTML
  Parameters: {"utf8"=>"✓", "authenticity_token"=>"8ZSvtzt6pEzMhJNCGOTUmabBb+8boOQ+XNObQSr37OyfUj2FN2rNkkv8RD/Px2pojKZjTAmmvZlsdOlTmfIzhg==", "message"=>{"m_name"=>"Siva", "m_subject"=>"mail", "m_description"=>"czczc"}, "commit"=>"Create Message"}
  [1m[35m (0.1ms)[0m  begin transaction
  [1m[36mSQL (0.4ms)[0m  [1mINSERT INTO "messages" ("m_name", "m_subject", "m_description", "created_at", "updated_at") VALUES (?, ?, ?, ?, ?)[0m  [["m_name", "Siva"], ["m_subject", "mail"], ["m_description", "czczc"], ["created_at", "2015-09-04 03:56:28.916518"], ["updated_at", "2015-09-04 03:56:28.916518"]]
  [1m[35m (0.5ms)[0m  commit transaction
Redirected to http://localhost:4000/messages
Completed 302 Found in 4ms (ActiveRecord: 1.0ms)


Started GET "/messages" for ::1 at 2015-09-03 23:56:28 -0400
Processing by MessagesController#index as HTML
  Rendered messages/index.html.erb within layouts/application (0.2ms)
Completed 200 OK in 26ms (Views: 25.7ms | ActiveRecord: 0.0ms)


Started GET "/messages" for ::1 at 2015-09-03 23:56:31 -0400
Processing by MessagesController#index as HTML
  Rendered messages/index.html.erb within layouts/application (0.6ms)
Completed 200 OK in 24ms (Views: 24.1ms | ActiveRecord: 0.0ms)


Started GET "/messages" for ::1 at 2015-09-03 23:57:03 -0400
Processing by MessagesController#index as HTML
  Rendered messages/index.html.erb within layouts/application (0.6ms)
Completed 200 OK in 27ms (Views: 26.5ms | ActiveRecord: 0.0ms)


Started GET "/messages" for ::1 at 2015-09-03 23:57:05 -0400
Processing by MessagesController#index as HTML
  Rendered messages/index.html.erb within layouts/application (0.2ms)
Completed 200 OK in 32ms (Views: 32.0ms | ActiveRecord: 0.0ms)
